Start testing: May 24 09:25 BST
----------------------------------------------------------
1/6 Testing: test_circuit_simulator
1/6 Test: test_circuit_simulator
Command: "/Users/christopher/acse/C++/acs-gerardium-rush-bauxite/build/tests/bin/test_circuit_simulator"
Directory: /Users/christopher/acse/C++/acs-gerardium-rush-bauxite/build/tests
"test_circuit_simulator" start time: May 24 09:25 BST
Output:
----------------------------------------------------------
Compare Final Outputs to the sample case:
performance value test pass
recovery value test pass
grade value test pass
Compare one cell output to the example calculation:
mass flowrate of high grade concentrate gerardium value test pass
mass flowrate of high grade concentrate waste value test pass
mass flowrate of intermediate grade concentrate gerardium value test pass
mass flowrate of intermediate grade concentrate waste value test pass
mass flowrate of tailing gerardium value test pass
mass flowrate of tailing waste value test pass
residence time value test pass
recovery of high grade concentrate gerardium value test pass
recovery of high grade concentrate waste value test pass
recovery of intermediate grade concentrate gerardium value test pass
recovery of intermediate grade concentrate waste value test pass
<end of output>
Test time =   0.11 sec
----------------------------------------------------------
Test Passed.
"test_circuit_simulator" end time: May 24 09:25 BST
"test_circuit_simulator" time elapsed: 00:00:00
----------------------------------------------------------

2/6 Testing: test_genetic_algorithm
2/6 Test: test_genetic_algorithm
Command: "/Users/christopher/acse/C++/acs-gerardium-rush-bauxite/build/tests/bin/test_genetic_algorithm"
Directory: /Users/christopher/acse/C++/acs-gerardium-rush-bauxite/build/tests
"test_genetic_algorithm" start time: May 24 09:25 BST
Output:
----------------------------------------------------------
Checking optimum without validity checker. Vector length 10
max_value5
printing the vector
0 1 1 2 2 3 3 0 0 4 
Time to generate population: 0.00261029s
Generation 0 best value 593Generation 1 best value 593Generation 2 best value 593Generation 3 best value 593Generation 4 best value 593Generation 5 best value 593Generation 6 best value 593Generation 7 best value 593Generation 8 best value 593Generation 9 best value 593Generation 10 best value 593Generation 11 best value 593Generation 12 best value 593Generation 13 best value 593Generation 14 best value 593Generation 15 best value 593Generation 16 best value 593Generation 17 best value 593Generation 18 best value 593Generation 19 best value 593Generation 20 best value 593Generation 21 best value 593Generation 22 best value 597Generation 23 best value 597Generation 24 best value 597Generation 25 best value 597Generation 26 best value 597Generation 27 best value 597Generation 28 best value 597Generation 29 best value 597Generation 30 best value 597Generation 31 best value 597Generation 32 best value 597Generation 33 best value 597Generation 34 best value 597Generation 35 best value 597Generation 36 best value 597Generation 37 best value 597Generation 38 best value 597Generation 39 best value 597Generation 40 best value 597Generation 41 best value 597Generation 42 best value 597Generation 43 best value 597Generation 44 best value 598Generation 45 best value 598Generation 46 best value 598Generation 47 best value 598Generation 48 best value 598Generation 49 best value 598Generation 50 best value 598Generation 51 best value 598Generation 52 best value 598Generation 53 best value 598Generation 54 best value 598Generation 55 best value 598Generation 56 best value 598Generation 57 best value 598Generation 58 best value 598Generation 59 best value 598Generation 60 best value 598Generation 61 best value 598Generation 62 best value 598Generation 63 best value 598Generation 64 best value 598Generation 65 best value 598Generation 66 best value 598Generation 67 best value 599Generation 68 best value 599Generation 69 best value 599Generation 70 best value 599Generation 71 best value 599Generation 72 best value 599Generation 73 best value 599Generation 74 best value 599Generation 75 best value 599Generation 76 best value 599Generation 77 best value 599Generation 78 best value 599Generation 79 best value 599Generation 80 best value 599Generation 81 best value 599Generation 82 best value 599Generation 83 best value 599Generation 84 best value 599Generation 85 best value 599Generation 86 best value 599Generation 87 best value 599Generation 88 best value 599Generation 89 best value 600Generation 90 best value 600Generation 91 best value 600Generation 92 best value 600Generation 93 best value 600Generation 94 best value 600Generation 95 best value 600Generation 96 best value 600Generation 97 best value 600Generation 98 best value 600Generation 99 best value 600Generation 100 best value 600Generation 101 best value 600Generation 102 best value 600Generation 103 best value 600Generation 104 best value 600Generation 105 best value 600Generation 106 best value 600Generation 107 best value 600Generation 108 best value 600Generation 109 best value 600Generation 110 best value 600Generation 111 best value 600Generation 112 best value 600Generation 113 best value 600Generation 114 best value 600Generation 115 best value 600Generation 116 best value 600Generation 117 best value 600Generation 118 best value 600Generation 119 best value 600Generation 120 best value 600Generation 121 best value 600Generation 122 best value 600Generation 123 best value 600Generation 124 best value 600Generation 125 best value 600Generation 126 best value 600Generation 127 best value 600Generation 128 best value 600Generation 129 best value 600Generation 130 best value 600Generation 131 best value 600Generation 132 best value 600Generation 133 best value 600Generation 134 best value 600Generation 135 best value 600Generation 136 best value 600Generation 137 best value 600Generation 138 best value 600Generation 139 best value 600Generation 140 best value 600Generation 141 best value 600Generation 142 best value 600Generation 143 best value 600Generation 144 best value 600Generation 145 best value 600Generation 146 best value 600Generation 147 best value 600Generation 148 best value 600Generation 149 best value 600Generation 150 best value 600Generation 151 best value 600Generation 152 best value 600Generation 153 best value 600Generation 154 best value 600Generation 155 best value 600Generation 156 best value 600Generation 157 best value 600Generation 158 best value 600Generation 159 best value 600Generation 160 best value 600Generation 161 best value 600Generation 162 best value 600Generation 163 best value 600Generation 164 best value 600Generation 165 best value 600Generation 166 best value 600Generation 167 best value 600Generation 168 best value 600Generation 169 best value 600Generation 170 best value 600Generation 171 best value 600Generation 172 best value 600Generation 173 best value 600Generation 174 best value 600Generation 175 best value 600Generation 176 best value 600Generation 177 best value 600Generation 178 best value 600Generation 179 best value 600Generation 180 best value 600Generation 181 best value 600Generation 182 best value 600Generation 183 best value 600Generation 184 best value 600Generation 185 best value 600Generation 186 best value 600Generation 187 best value 600Generation 188 best value 600Generation 189 best value 600
Time to run simulation: 0.278834s
input vector
0 1 1 2 2 3 3 0 0 4 
Output vector
2,1,1,2,0,3,2,0,4,4,
Final score 600
Optimum vector found.
<end of output>
Test time =   0.40 sec
----------------------------------------------------------
Test Passed.
"test_genetic_algorithm" end time: May 24 09:25 BST
"test_genetic_algorithm" time elapsed: 00:00:00
----------------------------------------------------------

3/6 Testing: test_genetic_crossover
3/6 Test: test_genetic_crossover
Command: "/Users/christopher/acse/C++/acs-gerardium-rush-bauxite/build/tests/bin/test_genetic_crossover"
Directory: /Users/christopher/acse/C++/acs-gerardium-rush-bauxite/build/tests
"test_genetic_crossover" start time: May 24 09:25 BST
Output:
----------------------------------------------------------
Parent 1: 0 1 1 2 2 3 3 0 0 4 
Parent 2: 9 9 9 9 9 9 9 9 9 9 
Checking optimum without validity checker. Vector length 10
Uniform crossover
Child 0: 0 9 1 9 2 9 3 9 0 9 
Child 1: 9 1 9 2 9 3 9 0 9 4 

One Point crossover
Child 0: 0 1 1 2 2 3 3 9 0 4 
Child 1: 9 9 9 9 9 9 9 0 9 9 

Two Point crossover
Child 0: 9 1 1 2 2 3 3 0 0 9 
Child 1: 0 9 9 9 9 9 9 9 9 4 

Multi Point crossover
Child 0: 9 1 9 9 9 3 3 0 9 4 
Child 1: 0 9 1 2 2 9 9 9 0 9 

<end of output>
Test time =   0.13 sec
----------------------------------------------------------
Test Passed.
"test_genetic_crossover" end time: May 24 09:25 BST
"test_genetic_crossover" time elapsed: 00:00:00
----------------------------------------------------------

4/6 Testing: test_genetic_mutation
4/6 Test: test_genetic_mutation
Command: "/Users/christopher/acse/C++/acs-gerardium-rush-bauxite/build/tests/bin/test_genetic_mutation"
Directory: /Users/christopher/acse/C++/acs-gerardium-rush-bauxite/build/tests
"test_genetic_mutation" start time: May 24 09:25 BST
Output:
----------------------------------------------------------
Parent 1: 9 9 9 9 9 9 9 9 9 9 
Parent 2: 0 1 2 3 4 5 6 7 8 9 Parent 3: 0 1 1 2 2 3 3 0 0 4 
Checking optimum without validity checker. Vector length 10
Substitution
9 9 9 9 9 9 9 9 9 3 
Inversion
1 0 2 3 4 5 6 7 8 9 
Value adjustment
1 1 1 2 2 3 3 0 1 5 
<end of output>
Test time =   0.12 sec
----------------------------------------------------------
Test Passed.
"test_genetic_mutation" end time: May 24 09:25 BST
"test_genetic_mutation" time elapsed: 00:00:00
----------------------------------------------------------

5/6 Testing: test_validity_checker
5/6 Test: test_validity_checker
Command: "/Users/christopher/acse/C++/acs-gerardium-rush-bauxite/build/tests/bin/test_validity_checker"
Directory: /Users/christopher/acse/C++/acs-gerardium-rush-bauxite/build/tests
"test_validity_checker" start time: May 24 09:25 BST
Output:
----------------------------------------------------------
Check_Validity({0, 1, 2, 2}):
pass
Check_Validity({0, 1, 0, 2}):
pass
Check_Validity({1, 2, 3, 5, 2, 3, 0, 4, 3, 3, 2, 2, 1}):
pass
Check_Validity({1, 2, 3, 5, 2, 3, 3, 4, 3, 3, 2, 2, 1}):
fail
Check_Validity({1, 2, 3, 5, 2, 3, 0, 2, 3, 3, 2, 2, 1}):
fail
Check_Validity({1, 2, 3, 5, 2, 3, 0, 4, 3, 3, 2, 2, 2}):
fail
Check_Validity({1, 0, 3, 5, 2, 3, 0, 4, 3, 3, 2, 2, 1}):
fail
Check_Validity({1, 2, 3}):
fail
Check_Validity({1, 2, 3, 5, 2, 3, 0, 4, 3, 3, 2, 2, 1, 1}):
fail
Check_Validity({1, 2, 3, 5, 2, 3, 0, 4, 6, 3, 2, 2, 1}):
fail
<end of output>
Test time =   0.12 sec
----------------------------------------------------------
Test Passed.
"test_validity_checker" end time: May 24 09:25 BST
"test_validity_checker" time elapsed: 00:00:00
----------------------------------------------------------

6/6 Testing: executable
6/6 Test: executable
Command: "/Users/christopher/acse/C++/acs-gerardium-rush-bauxite/build/bin/Circuit_Optimizer"
Directory: /Users/christopher/acse/C++/acs-gerardium-rush-bauxite/build/tests
"executable" start time: May 24 09:25 BST
Output:
----------------------------------------------------------
max_value12
printing the vector
0 1 3 2 4 4 3 1 3 6 1 1 0 5 1 1 1 2 3 4 5 6 7 8 9 1 2 3 1 2 3 
Time to generate population: 0.0136253s
Generation 0 best value 117.471Generation 1 best value 117.471Generation 2 best value 117.471Generation 3 best value 117.471Generation 4 best value 117.471Generation 5 best value 125.977Generation 6 best value 125.977Generation 7 best value 125.977Generation 8 best value 125.977Generation 9 best value 128.657Generation 10 best value 132.616Generation 11 best value 143.913Generation 12 best value 143.913Generation 13 best value 143.913Generation 14 best value 143.913Generation 15 best value 143.913Generation 16 best value 150.87Generation 17 best value 150.87Generation 18 best value 150.87Generation 19 best value 150.87Generation 20 best value 154.261Generation 21 best value 159.052Generation 22 best value 159.052Generation 23 best value 159.052Generation 24 best value 159.052Generation 25 best value 159.052Generation 26 best value 160.233Generation 27 best value 160.233Generation 28 best value 189.887Generation 29 best value 189.887Generation 30 best value 189.887Generation 31 best value 189.887Generation 32 best value 189.887Generation 33 best value 189.887Generation 34 best value 196.913Generation 35 best value 196.913Generation 36 best value 196.913Generation 37 best value 196.913Generation 38 best value 201.295Generation 39 best value 201.295Generation 40 best value 201.295Generation 41 best value 201.295Generation 42 best value 201.295Generation 43 best value 201.295Generation 44 best value 201.295Generation 45 best value 217.024Generation 46 best value 217.024Generation 47 best value 217.024Generation 48 best value 217.024Generation 49 best value 217.024Generation 50 best value 217.024Generation 51 best value 217.024Generation 52 best value 217.024Generation 53 best value 234.105Generation 54 best value 234.337Generation 55 best value 234.337Generation 56 best value 234.337Generation 57 best value 234.337Generation 58 best value 234.337Generation 59 best value 234.337Generation 60 best value 234.337Generation 61 best value 234.337Generation 62 best value 234.337Generation 63 best value 234.337Generation 64 best value 234.337Generation 65 best value 234.337Generation 66 best value 259.575Generation 67 best value 285.218Generation 68 best value 285.218Generation 69 best value 285.218Generation 70 best value 285.218Generation 71 best value 294.327Generation 72 best value 294.327Generation 73 best value 294.327Generation 74 best value 294.327Generation 75 best value 294.327Generation 76 best value 294.327Generation 77 best value 309.437Generation 78 best value 309.437Generation 79 best value 309.437Generation 80 best value 309.437Generation 81 best value 309.437Generation 82 best value 309.437Generation 83 best value 313.681Generation 84 best value 313.681Generation 85 best value 314.539Generation 86 best value 314.539Generation 87 best value 314.539Generation 88 best value 314.539Generation 89 best value 314.539Generation 90 best value 314.539Generation 91 best value 314.539Generation 92 best value 314.539Generation 93 best value 320.027Generation 94 best value 320.027Generation 95 best value 320.496Generation 96 best value 320.496Generation 97 best value 320.496Generation 98 best value 320.496Generation 99 best value 320.496Generation 100 best value 320.496Generation 101 best value 320.722Generation 102 best value 320.722Generation 103 best value 320.722Generation 104 best value 320.722Generation 105 best value 320.722Generation 106 best value 320.722Generation 107 best value 320.722Generation 108 best value 320.722Generation 109 best value 320.722Generation 110 best value 320.722Generation 111 best value 320.722Generation 112 best value 320.722Generation 113 best value 320.722Generation 114 best value 320.722Generation 115 best value 320.722Generation 116 best value 320.722Generation 117 best value 320.722Generation 118 best value 320.722Generation 119 best value 320.722Generation 120 best value 327.945Generation 121 best value 327.945Generation 122 best value 327.945Generation 123 best value 327.945Generation 124 best value 327.945Generation 125 best value 327.945Generation 126 best value 327.945Generation 127 best value 327.945Generation 128 best value 327.945Generation 129 best value 327.945Generation 130 best value 329.527Generation 131 best value 329.527Generation 132 best value 329.527Generation 133 best value 333.579Generation 134 best value 333.579Generation 135 best value 333.579Generation 136 best value 333.579Generation 137 best value 333.579Generation 138 best value 333.579Generation 139 best value 333.953Generation 140 best value 333.953Generation 141 best value 333.953Generation 142 best value 333.953Generation 143 best value 334.562Generation 144 best value 334.562Generation 145 best value 334.562Generation 146 best value 334.562Generation 147 best value 334.562Generation 148 best value 334.562Generation 149 best value 346.448Generation 150 best value 346.448Generation 151 best value 346.448Generation 152 best value 346.448Generation 153 best value 346.448Generation 154 best value 346.448Generation 155 best value 346.448Generation 156 best value 346.448Generation 157 best value 346.448Generation 158 best value 349.18Generation 159 best value 349.18Generation 160 best value 349.18Generation 161 best value 349.18Generation 162 best value 349.18Generation 163 best value 349.18Generation 164 best value 351.61Generation 165 best value 352.738Generation 166 best value 352.738Generation 167 best value 352.738Generation 168 best value 352.738Generation 169 best value 352.738Generation 170 best value 352.738Generation 171 best value 358.206Generation 172 best value 358.206Generation 173 best value 358.206Generation 174 best value 358.206Generation 175 best value 358.206Generation 176 best value 358.206Generation 177 best value 358.206Generation 178 best value 358.206Generation 179 best value 358.206Generation 180 best value 358.206Generation 181 best value 358.206Generation 182 best value 358.206Generation 183 best value 358.206Generation 184 best value 360.555Generation 185 best value 360.555Generation 186 best value 360.555Generation 187 best value 364.125Generation 188 best value 364.125Generation 189 best value 364.125Generation 190 best value 364.125Generation 191 best value 378.492Generation 192 best value 378.492Generation 193 best value 378.492Generation 194 best value 378.492Generation 195 best value 378.492Generation 196 best value 378.492Generation 197 best value 378.492Generation 198 best value 378.492Generation 199 best value 378.492Generation 200 best value 378.492Generation 201 best value 378.492Generation 202 best value 378.492Generation 203 best value 378.492Generation 204 best value 378.492Generation 205 best value 378.492Generation 206 best value 381.029Generation 207 best value 385.141Generation 208 best value 385.141Generation 209 best value 385.141Generation 210 best value 385.141Generation 211 best value 385.141Generation 212 best value 385.141Generation 213 best value 385.141Generation 214 best value 385.141Generation 215 best value 385.141Generation 216 best value 385.141Generation 217 best value 385.141Generation 218 best value 385.141Generation 219 best value 385.141Generation 220 best value 385.141Generation 221 best value 385.141Generation 222 best value 385.141Generation 223 best value 385.141Generation 224 best value 387.94Generation 225 best value 387.94Generation 226 best value 387.94Generation 227 best value 387.94Generation 228 best value 387.94Generation 229 best value 387.94Generation 230 best value 391.836Generation 231 best value 391.836Generation 232 best value 391.836Generation 233 best value 391.836Generation 234 best value 391.836Generation 235 best value 391.836Generation 236 best value 391.836Generation 237 best value 391.836Generation 238 best value 391.836Generation 239 best value 391.836Generation 240 best value 391.836Generation 241 best value 391.836Generation 242 best value 391.836Generation 243 best value 391.836Generation 244 best value 391.836Generation 245 best value 392.443Generation 246 best value 392.443Generation 247 best value 392.443Generation 248 best value 392.443Generation 249 best value 393.32Generation 250 best value 394.725Generation 251 best value 394.725Generation 252 best value 394.725Generation 253 best value 398.987Generation 254 best value 398.987Generation 255 best value 398.987Generation 256 best value 398.987Generation 257 best value 398.987Generation 258 best value 398.987Generation 259 best value 398.987Generation 260 best value 398.987Generation 261 best value 398.987Generation 262 best value 398.987Generation 263 best value 398.987Generation 264 best value 398.987Generation 265 best value 398.987Generation 266 best value 398.987Generation 267 best value 398.987Generation 268 best value 398.987Generation 269 best value 399.588Generation 270 best value 399.588Generation 271 best value 399.588Generation 272 best value 399.588Generation 273 best value 399.588Generation 274 best value 399.588Generation 275 best value 399.588Generation 276 best value 399.588Generation 277 best value 399.588Generation 278 best value 399.588Generation 279 best value 399.588Generation 280 best value 402.092Generation 281 best value 402.092Generation 282 best value 402.092Generation 283 best value 402.092Generation 284 best value 402.092Generation 285 best value 407.569Generation 286 best value 407.569Generation 287 best value 407.569Generation 288 best value 407.569Generation 289 best value 407.569Generation 290 best value 407.569Generation 291 best value 407.569Generation 292 best value 407.569Generation 293 best value 407.569Generation 294 best value 407.569Generation 295 best value 407.569Generation 296 best value 407.569Generation 297 best value 407.569Generation 298 best value 407.569Generation 299 best value 407.569Generation 300 best value 407.569Generation 301 best value 407.569Generation 302 best value 407.569Generation 303 best value 407.569Generation 304 best value 407.569Generation 305 best value 407.569Generation 306 best value 407.569Generation 307 best value 408.42Generation 308 best value 408.42Generation 309 best value 408.42Generation 310 best value 408.42Generation 311 best value 408.42Generation 312 best value 408.42Generation 313 best value 408.42Generation 314 best value 408.42Generation 315 best value 408.564Generation 316 best value 413.232Generation 317 best value 413.232Generation 318 best value 413.232Generation 319 best value 413.232Generation 320 best value 413.232Generation 321 best value 413.232Generation 322 best value 413.232Generation 323 best value 413.69Generation 324 best value 413.69Generation 325 best value 413.69Generation 326 best value 413.69Generation 327 best value 413.69Generation 328 best value 413.69Generation 329 best value 413.69Generation 330 best value 413.69Generation 331 best value 413.69Generation 332 best value 413.69Generation 333 best value 413.69Generation 334 best value 413.69Generation 335 best value 413.69Generation 336 best value 413.69Generation 337 best value 413.69Generation 338 best value 413.69Generation 339 best value 413.69Generation 340 best value 413.69Generation 341 best value 413.69Generation 342 best value 413.69Generation 343 best value 413.69Generation 344 best value 413.69Generation 345 best value 417.449Generation 346 best value 417.449Generation 347 best value 417.449Generation 348 best value 417.449Generation 349 best value 417.449Generation 350 best value 417.449Generation 351 best value 417.449Generation 352 best value 417.449Generation 353 best value 417.449Generation 354 best value 417.449Generation 355 best value 417.449Generation 356 best value 417.449Generation 357 best value 417.449Generation 358 best value 417.449Generation 359 best value 417.449Generation 360 best value 417.449Generation 361 best value 419.884Generation 362 best value 419.884Generation 363 best value 419.884Generation 364 best value 419.884Generation 365 best value 419.884Generation 366 best value 419.884Generation 367 best value 419.884Generation 368 best value 419.884Generation 369 best value 419.884Generation 370 best value 419.884Generation 371 best value 419.884Generation 372 best value 419.884Generation 373 best value 419.884Generation 374 best value 419.884Generation 375 best value 419.884Generation 376 best value 419.884Generation 377 best value 420.819Generation 378 best value 420.819Generation 379 best value 420.819Generation 380 best value 420.819Generation 381 best value 420.819Generation 382 best value 420.819Generation 383 best value 420.819Generation 384 best value 420.819Generation 385 best value 420.819Generation 386 best value 420.819Generation 387 best value 420.819Generation 388 best value 420.819Generation 389 best value 420.819Generation 390 best value 421.137Generation 391 best value 421.137Generation 392 best value 421.137Generation 393 best value 421.137Generation 394 best value 421.137Generation 395 best value 421.137Generation 396 best value 421.137Generation 397 best value 421.137Generation 398 best value 421.137Generation 399 best value 421.137Generation 400 best value 421.137Generation 401 best value 421.137Generation 402 best value 421.137Generation 403 best value 421.137Generation 404 best value 421.137Generation 405 best value 421.137Generation 406 best value 421.137Generation 407 best value 421.137Generation 408 best value 421.137Generation 409 best value 421.137Generation 410 best value 421.137Generation 411 best value 421.137Generation 412 best value 425.721Generation 413 best value 425.721Generation 414 best value 425.721Generation 415 best value 425.721Generation 416 best value 425.721Generation 417 best value 425.721Generation 418 best value 425.721Generation 419 best value 425.721Generation 420 best value 425.721Generation 421 best value 425.721Generation 422 best value 425.721Generation 423 best value 425.721Generation 424 best value 425.721Generation 425 best value 425.721Generation 426 best value 425.721Generation 427 best value 425.721Generation 428 best value 425.721Generation 429 best value 425.721Generation 430 best value 425.721Generation 431 best value 425.721Generation 432 best value 425.721Generation 433 best value 425.721Generation 434 best value 425.721Generation 435 best value 425.721Generation 436 best value 425.721Generation 437 best value 425.721Generation 438 best value 425.721Generation 439 best value 431.346Generation 440 best value 431.346Generation 441 best value 431.346Generation 442 best value 431.346Generation 443 best value 431.346Generation 444 best value 431.346Generation 445 best value 431.346Generation 446 best value 431.346Generation 447 best value 431.346Generation 448 best value 431.346Generation 449 best value 431.346Generation 450 best value 431.346Generation 451 best value 431.346Generation 452 best value 431.346Generation 453 best value 431.346Generation 454 best value 431.346Generation 455 best value 432.548Generation 456 best value 432.548Generation 457 best value 432.548Generation 458 best value 432.548Generation 459 best value 432.548Generation 460 best value 432.548Generation 461 best value 432.548Generation 462 best value 432.548Generation 463 best value 432.548Generation 464 best value 432.548Generation 465 best value 432.743Generation 466 best value 432.743Generation 467 best value 432.743Generation 468 best value 432.743Generation 469 best value 432.743Generation 470 best value 432.743Generation 471 best value 432.743Generation 472 best value 432.743Generation 473 best value 432.743Generation 474 best value 432.743Generation 475 best value 432.743Generation 476 best value 432.743Generation 477 best value 432.743Generation 478 best value 432.743Generation 479 best value 432.743Generation 480 best value 432.743Generation 481 best value 432.743Generation 482 best value 432.743Generation 483 best value 432.743Generation 484 best value 432.743Generation 485 best value 432.743Generation 486 best value 432.743Generation 487 best value 432.743Generation 488 best value 432.743Generation 489 best value 432.743Generation 490 best value 432.743Generation 491 best value 432.743Generation 492 best value 432.743Generation 493 best value 432.743Generation 494 best value 432.743Generation 495 best value 432.743Generation 496 best value 432.743Generation 497 best value 432.743Generation 498 best value 432.743Generation 499 best value 432.743Generation 500 best value 432.743Generation 501 best value 432.743Generation 502 best value 433.193Generation 503 best value 433.193Generation 504 best value 433.193Generation 505 best value 433.193Generation 506 best value 433.193Generation 507 best value 433.193Generation 508 best value 433.193Generation 509 best value 433.193Generation 510 best value 433.193Generation 511 best value 433.193Generation 512 best value 433.193Generation 513 best value 433.193Generation 514 best value 433.193Generation 515 best value 434.324Generation 516 best value 434.324Generation 517 best value 434.324Generation 518 best value 434.324Generation 519 best value 434.324Generation 520 best value 434.324Generation 521 best value 434.324Generation 522 best value 434.324Generation 523 best value 434.324Generation 524 best value 434.324Generation 525 best value 434.324Generation 526 best value 434.324Generation 527 best value 434.324Generation 528 best value 434.324Generation 529 best value 434.324Generation 530 best value 434.324Generation 531 best value 434.324Generation 532 best value 434.324Generation 533 best value 434.324Generation 534 best value 434.324Generation 535 best value 434.324Generation 536 best value 434.324Generation 537 best value 434.324Generation 538 best value 434.324Generation 539 best value 434.324Generation 540 best value 434.324Generation 541 best value 435.128Generation 542 best value 435.128Generation 543 best value 435.128Generation 544 best value 435.128Generation 545 best value 435.128Generation 546 best value 435.128Generation 547 best value 435.128Generation 548 best value 435.128Generation 549 best value 435.128Generation 550 best value 435.128Generation 551 best value 435.128Generation 552 best value 435.128Generation 553 best value 435.128Generation 554 best value 435.128Generation 555 best value 435.128Generation 556 best value 435.128Generation 557 best value 435.128Generation 558 best value 435.128Generation 559 best value 435.128Generation 560 best value 435.128Generation 561 best value 435.128Generation 562 best value 435.128Generation 563 best value 435.128Generation 564 best value 435.505Generation 565 best value 436.295Generation 566 best value 436.295Generation 567 best value 436.295Generation 568 best value 436.295Generation 569 best value 436.295Generation 570 best value 436.295Generation 571 best value 436.295Generation 572 best value 436.295Generation 573 best value 436.295Generation 574 best value 436.295Generation 575 best value 436.295Generation 576 best value 436.295Generation 577 best value 436.295Generation 578 best value 436.295Generation 579 best value 436.295Generation 580 best value 436.295Generation 581 best value 436.295Generation 582 best value 436.295Generation 583 best value 436.295Generation 584 best value 436.295Generation 585 best value 436.295Generation 586 best value 436.295Generation 587 best value 436.295Generation 588 best value 436.295Generation 589 best value 436.295Generation 590 best value 436.295Generation 591 best value 436.295Generation 592 best value 436.295Generation 593 best value 436.295Generation 594 best value 436.295Generation 595 best value 436.295Generation 596 best value 436.295Generation 597 best value 436.295Generation 598 best value 436.295Generation 599 best value 436.295Generation 600 best value 436.295Generation 601 best value 436.295Generation 602 best value 436.295Generation 603 best value 436.295Generation 604 best value 436.295Generation 605 best value 436.295Generation 606 best value 436.295Generation 607 best value 436.295Generation 608 best value 436.295Generation 609 best value 436.295Generation 610 best value 436.295Generation 611 best value 436.295Generation 612 best value 436.295Generation 613 best value 437.209Generation 614 best value 437.209Generation 615 best value 437.209Generation 616 best value 437.209Generation 617 best value 437.209Generation 618 best value 437.209Generation 619 best value 437.209Generation 620 best value 437.209Generation 621 best value 437.209Generation 622 best value 437.209Generation 623 best value 437.209Generation 624 best value 437.209Generation 625 best value 437.209Generation 626 best value 437.209Generation 627 best value 437.209Generation 628 best value 437.209Generation 629 best value 437.209Generation 630 best value 437.209Generation 631 best value 437.209Generation 632 best value 437.209Generation 633 best value 437.209Generation 634 best value 437.209Generation 635 best value 437.209Generation 636 best value 437.209Generation 637 best value 437.209Generation 638 best value 437.209Generation 639 best value 437.209Generation 640 best value 437.209Generation 641 best value 437.209Generation 642 best value 437.209Generation 643 best value 437.209Generation 644 best value 437.209Generation 645 best value 437.209Generation 646 best value 437.209Generation 647 best value 437.209Generation 648 best value 437.209Generation 649 best value 437.209Generation 650 best value 437.209Generation 651 best value 437.209Generation 652 best value 437.209Generation 653 best value 437.209Generation 654 best value 437.209Generation 655 best value 437.209Generation 656 best value 437.209Generation 657 best value 437.209Generation 658 best value 437.209Generation 659 best value 437.209Generation 660 best value 437.209Generation 661 best value 437.209Generation 662 best value 437.209Generation 663 best value 437.209Generation 664 best value 437.209Generation 665 best value 437.209Generation 666 best value 437.209Generation 667 best value 437.209Generation 668 best value 437.209Generation 669 best value 437.209Generation 670 best value 437.209Generation 671 best value 437.209Generation 672 best value 437.209Generation 673 best value 437.209Generation 674 best value 437.209Generation 675 best value 437.209Generation 676 best value 437.209Generation 677 best value 437.209Generation 678 best value 437.209Generation 679 best value 437.209Generation 680 best value 437.209Generation 681 best value 437.209Generation 682 best value 437.209Generation 683 best value 437.209Generation 684 best value 437.209Generation 685 best value 437.209Generation 686 best value 437.209Generation 687 best value 437.209Generation 688 best value 437.209Generation 689 best value 437.209Generation 690 best value 437.209Generation 691 best value 437.209Generation 692 best value 437.209Generation 693 best value 437.209Generation 694 best value 437.72Generation 695 best value 437.72Generation 696 best value 437.72Generation 697 best value 437.72Generation 698 best value 437.72Generation 699 best value 437.72Generation 700 best value 437.72Generation 701 best value 437.72Generation 702 best value 437.72Generation 703 best value 437.72Generation 704 best value 437.72Generation 705 best value 437.72Generation 706 best value 437.72Generation 707 best value 437.72Generation 708 best value 437.72Generation 709 best value 437.72Generation 710 best value 437.72Generation 711 best value 437.72Generation 712 best value 437.72Generation 713 best value 437.72Generation 714 best value 437.72Generation 715 best value 437.72Generation 716 best value 437.72Generation 717 best value 437.72Generation 718 best value 437.72Generation 719 best value 437.72Generation 720 best value 437.72Generation 721 best value 437.72Generation 722 best value 437.72Generation 723 best value 437.72Generation 724 best value 437.72Generation 725 best value 437.72Generation 726 best value 437.72Generation 727 best value 437.72Generation 728 best value 437.72Generation 729 best value 437.72Generation 730 best value 437.72Generation 731 best value 437.72Generation 732 best value 437.72Generation 733 best value 437.72Generation 734 best value 437.72Generation 735 best value 437.72Generation 736 best value 437.72Generation 737 best value 437.72Generation 738 best value 437.72Generation 739 best value 437.72Generation 740 best value 437.72Generation 741 best value 437.72Generation 742 best value 437.72Generation 743 best value 437.72Generation 744 best value 437.72Generation 745 best value 437.72Generation 746 best value 437.72Generation 747 best value 437.72Generation 748 best value 437.72Generation 749 best value 437.72Generation 750 best value 437.72Generation 751 best value 437.72Generation 752 best value 437.72Generation 753 best value 437.72Generation 754 best value 437.72Generation 755 best value 437.72Generation 756 best value 437.72Generation 757 best value 437.72Generation 758 best value 437.72Generation 759 best value 437.72Generation 760 best value 437.72Generation 761 best value 437.72Generation 762 best value 437.72Generation 763 best value 437.72Generation 764 best value 437.72Generation 765 best value 437.72Generation 766 best value 437.72Generation 767 best value 437.72Generation 768 best value 437.72Generation 769 best value 437.72Generation 770 best value 437.72Generation 771 best value 437.72Generation 772 best value 437.72Generation 773 best value 437.72Generation 774 best value 437.72Generation 775 best value 437.72Generation 776 best value 437.72Generation 777 best value 437.72Generation 778 best value 437.72Generation 779 best value 437.72Generation 780 best value 437.72Generation 781 best value 437.72Generation 782 best value 437.72Generation 783 best value 437.72Generation 784 best value 437.72Generation 785 best value 437.72Generation 786 best value 437.72Generation 787 best value 437.72Generation 788 best value 437.72Generation 789 best value 437.72Generation 790 best value 437.72Generation 791 best value 437.72Generation 792 best value 437.72Generation 793 best value 437.72Generation 794 best value 437.72
Time to run simulation: 7.59047s
input vector
0 1 3 2 4 4 3 1 3 6 1 1 0 5 1 1 1 2 3 4 5 6 7 8 9 1 2 3 1 2 3 
Output vector
6,8,9,3,8,6,11,8,9,4,8,9,2,8,9,1,7,8,9,8,9,0,10,8,8,7,7,5,7,5,6,
Final score 437.72
437.72
6 8 9 3 8 6 11 8 9 4 8 9 2 8 9 1 7 8 9 8 9 0 10 8 8 7 7 5 7 5 6 
<end of output>
Test time =   7.61 sec
----------------------------------------------------------
Test Passed.
"executable" end time: May 24 09:25 BST
"executable" time elapsed: 00:00:07
----------------------------------------------------------

End testing: May 24 09:25 BST
